[2025-01-16T17:40:54+08:00][sql] CONNECT:[ UseTime:0.000586s ] mysql:host=127.0.0.1;port=3306;dbname=phkq;charset=utf8mb4
[2025-01-16T17:40:54+08:00][sql] SHOW FULL COLUMNS FROM `daily_balance` [ RunTime:0.000889s ]
[2025-01-16T17:40:54+08:00][error] [10500]order express error:日期[I:\phpstudy_pro\WWW\puhui\vendor\topthink\think-orm\src\db\Builder.php:925]
[2025-01-16T17:41:19+08:00][sql] CONNECT:[ UseTime:0.000562s ] mysql:host=127.0.0.1;port=3306;dbname=phkq;charset=utf8mb4
[2025-01-16T17:41:19+08:00][sql] SHOW FULL COLUMNS FROM `daily_balance` [ RunTime:0.001564s ]
[2025-01-16T17:41:19+08:00][error] [10500]order express error:`日期`[I:\phpstudy_pro\WWW\puhui\vendor\topthink\think-orm\src\db\Builder.php:925]
[2025-01-16T17:41:24+08:00][sql] CONNECT:[ UseTime:0.000558s ] mysql:host=127.0.0.1;port=3306;dbname=phkq;charset=utf8mb4
[2025-01-16T17:41:24+08:00][sql] SHOW FULL COLUMNS FROM `daily_balance` [ RunTime:0.000779s ]
[2025-01-16T17:41:24+08:00][error] [10500]order express error:`日期`[I:\phpstudy_pro\WWW\puhui\vendor\topthink\think-orm\src\db\Builder.php:925]
[2025-01-16T17:41:49+08:00][sql] CONNECT:[ UseTime:0.000545s ] mysql:host=127.0.0.1;port=3306;dbname=phkq;charset=utf8mb4
[2025-01-16T17:41:49+08:00][sql] SELECT 日期 FROM daily_balance ORDER BY 日期 DESC LIMIT 1 [ RunTime:0.030899s ]
[2025-01-16T17:41:49+08:00][sql] SHOW FULL COLUMNS FROM `jigou` [ RunTime:0.000895s ]
[2025-01-16T17:41:49+08:00][error] [10500]not support data:日期[I:\phpstudy_pro\WWW\puhui\vendor\topthink\think-orm\src\db\builder\Mysql.php:395]
[2025-01-16T17:42:32+08:00][sql] CONNECT:[ UseTime:0.000457s ] mysql:host=127.0.0.1;port=3306;dbname=phkq;charset=utf8mb4
[2025-01-16T17:42:32+08:00][sql] SELECT 日期 FROM daily_balance ORDER BY 日期 DESC LIMIT 1 [ RunTime:0.000555s ]
[2025-01-16T17:42:32+08:00][sql] SHOW FULL COLUMNS FROM `jigou` [ RunTime:0.000477s ]
[2025-01-16T17:42:32+08:00][sql] SELECT 市行机构号 as id, 市行名称 as name, SUM(daily_balance.账户余额) as total_balance FROM `jigou` INNER JOIN `customer_info` ON `jigou`.`核算机构编号`=`customer_info`.`核算机构编号` INNER JOIN `daily_balance` ON `customer_info`.`ID`=`daily_balance`.`customer_id` WHERE  ( daily_balance.日期 = '2024-12-30' ) GROUP BY `市行机构号`,`市行名称` [ RunTime:1.412638s ]
[2025-01-16T17:46:45+08:00][sql] CONNECT:[ UseTime:0.000642s ] mysql:host=127.0.0.1;port=3306;dbname=phkq;charset=utf8mb4
[2025-01-16T17:46:45+08:00][sql] SELECT 日期 FROM daily_balance ORDER BY 日期 DESC LIMIT 1 [ RunTime:0.000664s ]
[2025-01-16T17:46:45+08:00][error] [10501]SQLSTATE[42S22]: Column not found: 1054 Unknown column 'db.账户余额' in 'field list'[I:\phpstudy_pro\WWW\puhui\vendor\topthink\think-orm\src\db\PDOConnection.php:797]
[2025-01-16T17:47:28+08:00][sql] CONNECT:[ UseTime:0.000719s ] mysql:host=127.0.0.1;port=3306;dbname=phkq;charset=utf8mb4
[2025-01-16T17:47:28+08:00][sql] SELECT 日期 FROM daily_balance ORDER BY 日期 DESC LIMIT 1 [ RunTime:0.000672s ]
[2025-01-16T17:47:28+08:00][sql] SELECT 
                    j.市行机构号 as id, 
                    j.市行名称 as name, 
                    SUM(temp.账户余额) as total_balance
                FROM jigou j
                LEFT JOIN (
                    SELECT ci.核算机构编号, db.账户余额
                    FROM customer_info ci
                    JOIN daily_balance db ON ci.ID = db.customer_id
                    WHERE db.日期 = '2024-12-30'
                ) AS temp ON j.核算机构编号 = temp.核算机构编号
                GROUP BY j.市行机构号, j.市行名称 [ RunTime:11.525401s ]
[2025-01-16T17:51:10+08:00][sql] CONNECT:[ UseTime:0.000600s ] mysql:host=127.0.0.1;port=3306;dbname=phkq;charset=utf8mb4
[2025-01-16T17:51:10+08:00][sql] SELECT 日期 FROM daily_balance ORDER BY 日期 DESC LIMIT 1 [ RunTime:0.000660s ]
[2025-01-16T17:51:10+08:00][sql] SELECT 
                    j.市行机构号 as id, 
                    j.市行名称 as name, 
                    SUM(db.账户余额) as total_balance
                FROM daily_balance db
                JOIN customer_info ci ON db.customer_id = ci.ID
                JOIN jigou j ON ci.核算机构编号 = j.核算机构编号
                WHERE db.日期 = '2024-12-30'
                GROUP BY j.市行机构号, j.市行名称 [ RunTime:1.386644s ]
[2025-01-16T17:52:52+08:00][sql] CONNECT:[ UseTime:0.000668s ] mysql:host=127.0.0.1;port=3306;dbname=phkq;charset=utf8mb4
[2025-01-16T17:52:52+08:00][sql] SELECT 日期 FROM daily_balance ORDER BY 日期 DESC LIMIT 1 [ RunTime:0.000250s ]
[2025-01-16T17:52:52+08:00][sql] SELECT 
                    jigou.市行机构号 as id, 
                    jigou.市行名称 as name, 
                    SUM(db.账户余额) as total_balance
                FROM daily_balance db
                JOIN customer_info ci ON db.customer_id = ci.ID
                JOIN jigou ON ci.核算机构编号 = jigou.核算机构编号
                WHERE db.日期 = '2024-12-30'
                GROUP BY jigou.市行机构号, jigou.市行名称 [ RunTime:1.389313s ]
[2025-01-16T18:01:15+08:00][sql] CONNECT:[ UseTime:0.012020s ] mysql:host=127.0.0.1;port=3306;dbname=phkq;charset=utf8mb4
[2025-01-16T18:01:15+08:00][sql] SELECT 日期 FROM daily_balance ORDER BY 日期 DESC LIMIT 1 [ RunTime:0.000592s ]
[2025-01-16T18:01:15+08:00][sql] SELECT 
                    jigou.市行机构号 as id, 
                    jigou.市行名称 as name, 
                    SUM(db.账户余额) as total_balance
                FROM daily_balance db
                JOIN customer_info ci ON db.customer_id = ci.ID
                JOIN jigou ON ci.核算机构编号 = jigou.核算机构编号
                WHERE db.日期 = '2024-12-30'
                GROUP BY jigou.市行机构号, jigou.市行名称 [ RunTime:0.475706s ]
[2025-01-16T18:06:14+08:00][sql] CONNECT:[ UseTime:0.000524s ] mysql:host=127.0.0.1;port=3306;dbname=phkq;charset=utf8mb4
[2025-01-16T18:06:14+08:00][sql] SELECT 日期 FROM daily_balance ORDER BY 日期 DESC LIMIT 1 [ RunTime:0.000700s ]
[2025-01-16T18:06:14+08:00][sql] SELECT 
                    jigou.市行机构号 as id, 
                    jigou.市行名称 as name, 
                    SUM(db.账户余额) as total_balance
                FROM daily_balance db
                JOIN customer_info ci ON db.customer_id = ci.ID
                JOIN jigou ON ci.核算机构编号 = jigou.核算机构编号
                WHERE db.日期 = '2024-12-30'
                GROUP BY jigou.市行机构号, jigou.市行名称 [ RunTime:0.419997s ]
[2025-01-16T18:07:01+08:00][sql] CONNECT:[ UseTime:0.009957s ] mysql:host=127.0.0.1;port=3306;dbname=phkq;charset=utf8mb4
[2025-01-16T18:07:01+08:00][sql] SELECT 支行机构号 as id, 支行名称 as name, SUM(daily_balance.账户余额) as total_balance
                FROM jigou
                INNER JOIN customer_info ON jigou.核算机构编号 = customer_info.核算机构编号
                INNER JOIN daily_balance ON customer_info.ID = daily_balance.customer_id
                WHERE jigou.市行机构号 = '370630000'
                GROUP BY 支行机构号, 支行名称 [ RunTime:0.633666s ]
[2025-01-16T18:07:07+08:00][sql] CONNECT:[ UseTime:0.000647s ] mysql:host=127.0.0.1;port=3306;dbname=phkq;charset=utf8mb4
[2025-01-16T18:07:07+08:00][sql] SELECT jigou.核算机构编号 as id, jigou.核算机构 as name, SUM(daily_balance.账户余额) as total_balance
                FROM jigou
                INNER JOIN customer_info ON jigou.核算机构编号 = customer_info.核算机构编号
                INNER JOIN daily_balance ON customer_info.ID = daily_balance.customer_id
                WHERE jigou.支行机构号 = '370631100'
                GROUP BY jigou.核算机构编号, jigou.核算机构 [ RunTime:0.042801s ]
[2025-01-16T18:07:09+08:00][sql] CONNECT:[ UseTime:0.021069s ] mysql:host=127.0.0.1;port=3306;dbname=phkq;charset=utf8mb4
[2025-01-16T18:07:09+08:00][sql] SELECT SUBSTRING_INDEX(SUBSTRING_INDEX(营销人名称一, ':', 1), '-', -1) as name0, SUM(daily_balance.账户余额 * (SUBSTRING_INDEX(营销人名称一, ':', -1) / 100)) as balance0, SUBSTRING_INDEX(SUBSTRING_INDEX(营销人名称二, ':', 1), '-', -1) as name1, SUM(daily_balance.账户余额 * (SUBSTRING_INDEX(营销人名称二, ':', -1) / 100)) as balance1, SUBSTRING_INDEX(SUBSTRING_INDEX(营销人名称三, ':', 1), '-', -1) as name2, SUM(daily_balance.账户余额 * (SUBSTRING_INDEX(营销人名称三, ':', -1) / 100)) as balance2, SUBSTRING_INDEX(SUBSTRING_INDEX(营销人名称四, ':', 1), '-', -1) as name3, SUM(daily_balance.账户余额 * (SUBSTRING_INDEX(营销人名称四, ':', -1) / 100)) as balance3, SUBSTRING_INDEX(SUBSTRING_INDEX(营销人名称五, ':', 1), '-', -1) as name4, SUM(daily_balance.账户余额 * (SUBSTRING_INDEX(营销人名称五, ':', -1) / 100)) as balance4, SUBSTRING_INDEX(SUBSTRING_INDEX(营销人名称六, ':', 1), '-', -1) as name5, SUM(daily_balance.账户余额 * (SUBSTRING_INDEX(营销人名称六, ':', -1) / 100)) as balance5, SUBSTRING_INDEX(SUBSTRING_INDEX(营销人名称七, ':', 1), '-', -1) as name6, SUM(daily_balance.账户余额 * (SUBSTRING_INDEX(营销人名称七, ':', -1) / 100)) as balance6, SUBSTRING_INDEX(SUBSTRING_INDEX(营销人名称八, ':', 1), '-', -1) as name7, SUM(daily_balance.账户余额 * (SUBSTRING_INDEX(营销人名称八, ':', -1) / 100)) as balance7, SUBSTRING_INDEX(SUBSTRING_INDEX(营销人名称九, ':', 1), '-', -1) as name8, SUM(daily_balance.账户余额 * (SUBSTRING_INDEX(营销人名称九, ':', -1) / 100)) as balance8, SUBSTRING_INDEX(SUBSTRING_INDEX(营销人名称一十, ':', 1), '-', -1) as name9, SUM(daily_balance.账户余额 * (SUBSTRING_INDEX(营销人名称一十, ':', -1) / 100)) as balance9, SUBSTRING_INDEX(SUBSTRING_INDEX(营销人名称一十一, ':', 1), '-', -1) as name10, SUM(daily_balance.账户余额 * (SUBSTRING_INDEX(营销人名称一十一, ':', -1) / 100)) as balance10, SUBSTRING_INDEX(SUBSTRING_INDEX(营销人名称一十二, ':', 1), '-', -1) as name11, SUM(daily_balance.账户余额 * (SUBSTRING_INDEX(营销人名称一十二, ':', -1) / 100)) as balance11
                FROM customer_info
                INNER JOIN daily_balance ON customer_info.ID = daily_balance.customer_id
                WHERE customer_info.核算机构编号 = '370631141'
                GROUP BY name0, name1, name2, name3, name4, name5, name6, name7, name8, name9, name10, name11 [ RunTime:0.056240s ]
